e:\onedrive\project.c++\project1\debug\vc142.pdb
e:\onedrive\project.c++\project1\debug\vc142.idb
e:\onedrive\project.c++\project1\debug\project1.obj
e:\onedrive\project.c++\project1\debug\project1.obj.enc
e:\onedrive\project.c++\project1\debug\project1.pdb
e:\onedrive\project.c++\project1\debug\project1.tlog\cl.command.1.tlog
e:\onedrive\project.c++\project1\debug\project1.tlog\cl.read.1.tlog
e:\onedrive\project.c++\project1\debug\project1.tlog\cl.write.1.tlog
e:\onedrive\project.c++\project1\debug\project1.tlog\link-cvtres.read.1.tlog
e:\onedrive\project.c++\project1\debug\project1.tlog\link-cvtres.write.1.tlog
e:\onedrive\project.c++\project1\debug\project1.tlog\link-rc.read.1.tlog
e:\onedrive\project.c++\project1\debug\project1.tlog\link-rc.write.1.tlog
e:\onedrive\project.c++\project1\debug\project1.tlog\link.25192-cvtres.read.1.tlog
e:\onedrive\project.c++\project1\debug\project1.tlog\link.25192-cvtres.write.1.tlog
e:\onedrive\project.c++\project1\debug\project1.tlog\link.25192-rc.read.1.tlog
e:\onedrive\project.c++\project1\debug\project1.tlog\link.25192-rc.write.1.tlog
e:\onedrive\project.c++\project1\debug\project1.tlog\link.25192.read.1.tlog
e:\onedrive\project.c++\project1\debug\project1.tlog\link.25192.write.1.tlog
e:\onedrive\project.c++\project1\debug\project1.tlog\link.command.1.tlog
e:\onedrive\project.c++\project1\debug\project1.tlog\link.read.1.tlog
e:\onedrive\project.c++\project1\debug\project1.tlog\link.write.1.tlog
