d:\onedrive - вгу\c++\wylsonmaze\wylsonmaze\x64\debug\vc143.pdb
d:\onedrive - вгу\c++\wylsonmaze\wylsonmaze\x64\debug\vc143.idb
d:\onedrive - вгу\c++\wylsonmaze\wylsonmaze\x64\debug\wylsonmaze.obj
d:\onedrive - вгу\c++\wylsonmaze\wylsonmaze\x64\debug\randommaze.obj
d:\onedrive - вгу\c++\wylsonmaze\wylsonmaze\x64\debug\modifymaze.obj
d:\onedrive - вгу\c++\wylsonmaze\wylsonmaze\x64\debug\menu.obj
d:\onedrive - вгу\c++\wylsonmaze\wylsonmaze\x64\debug\maze.obj
d:\onedrive - вгу\c++\wylsonmaze\wylsonmaze\x64\debug\consolerepository.obj
d:\onedrive - вгу\c++\wylsonmaze\wylsonmaze\x64\debug\circlemaze.obj
d:\onedrive - вгу\c++\wylsonmaze\wylsonmaze\x64\debug\antsalgorithm.obj
d:\onedrive - вгу\c++\wylsonmaze\wylsonmaze\x64\debug\ant.obj
d:\onedrive - вгу\c++\wylsonmaze\wylsonmaze\x64\debug\wylsonmaze.exe
d:\onedrive - вгу\c++\wylsonmaze\wylsonmaze\x64\debug\wylsonmaze.ilk
d:\onedrive - вгу\c++\wylsonmaze\wylsonmaze\x64\debug\wylsonmaze.pdb
d:\onedrive - вгу\c++\wylsonmaze\wylsonmaze\x64\debug\ant.obj.enc
d:\onedrive - вгу\c++\wylsonmaze\wylsonmaze\x64\debug\wylsonmaze.tlog\cl.command.1.tlog
d:\onedrive - вгу\c++\wylsonmaze\wylsonmaze\x64\debug\wylsonmaze.tlog\cl.read.1.tlog
d:\onedrive - вгу\c++\wylsonmaze\wylsonmaze\x64\debug\wylsonmaze.tlog\cl.write.1.tlog
d:\onedrive - вгу\c++\wylsonmaze\wylsonmaze\x64\debug\wylsonmaze.tlog\link.command.1.tlog
d:\onedrive - вгу\c++\wylsonmaze\wylsonmaze\x64\debug\wylsonmaze.tlog\link.read.1.tlog
d:\onedrive - вгу\c++\wylsonmaze\wylsonmaze\x64\debug\wylsonmaze.tlog\link.write.1.tlog
